c:\users\admin\desktop\지금 해야할거\카타나 이거다\x64\debug\windowapi.pch
c:\users\admin\desktop\지금 해야할거\카타나 이거다\x64\debug\vc142.pdb
c:\users\admin\desktop\지금 해야할거\카타나 이거다\x64\debug\vc142.idb
c:\users\admin\desktop\지금 해야할거\카타나 이거다\x64\debug\stdafx.obj
c:\users\admin\desktop\지금 해야할거\카타나 이거다\x64\debug\image.obj
c:\users\admin\desktop\지금 해야할거\카타나 이거다\x64\debug\idle.obj
c:\users\admin\desktop\지금 해야할거\카타나 이거다\x64\debug\g_die.obj
c:\users\admin\desktop\지금 해야할거\카타나 이거다\x64\debug\grunt.obj
c:\users\admin\desktop\지금 해야할거\카타나 이거다\x64\debug\grab.obj
c:\users\admin\desktop\지금 해야할거\카타나 이거다\x64\debug\gamenode.obj
c:\users\admin\desktop\지금 해야할거\카타나 이거다\x64\debug\flip.obj
c:\users\admin\desktop\지금 해야할거\카타나 이거다\x64\debug\fall.obj
c:\users\admin\desktop\지금 해야할거\카타나 이거다\x64\debug\enemymanager.obj
c:\users\admin\desktop\지금 해야할거\카타나 이거다\x64\debug\enemy.obj
c:\users\admin\desktop\지금 해야할거\카타나 이거다\x64\debug\effectmanager.obj
c:\users\admin\desktop\지금 해야할거\카타나 이거다\x64\debug\effect.obj
c:\users\admin\desktop\지금 해야할거\카타나 이거다\x64\debug\cop.obj
c:\users\admin\desktop\지금 해야할거\카타나 이거다\x64\debug\collsion.obj
c:\users\admin\desktop\지금 해야할거\카타나 이거다\x64\debug\cameramanager.obj
c:\users\admin\desktop\지금 해야할거\카타나 이거다\x64\debug\bullet.obj
c:\users\admin\desktop\지금 해야할거\카타나 이거다\x64\debug\bossstage.obj
c:\users\admin\desktop\지금 해야할거\카타나 이거다\x64\debug\bald.obj
c:\users\admin\desktop\지금 해야할거\카타나 이거다\x64\debug\attack.obj
c:\users\admin\desktop\지금 해야할거\카타나 이거다\x64\debug\animation.obj
c:\users\admin\desktop\지금 해야할거\카타나 이거다\x64\debug\t_end.obj
c:\users\admin\desktop\지금 해야할거\카타나 이거다\x64\debug\txtdata.obj
c:\users\admin\desktop\지금 해야할거\카타나 이거다\x64\debug\title.obj
c:\users\admin\desktop\지금 해야할거\카타나 이거다\x64\debug\timer.obj
c:\users\admin\desktop\지금 해야할거\카타나 이거다\x64\debug\timemanager.obj
c:\users\admin\desktop\지금 해야할거\카타나 이거다\x64\debug\statemanager.obj
c:\users\admin\desktop\지금 해야할거\카타나 이거다\x64\debug\stage2.obj
c:\users\admin\desktop\지금 해야할거\카타나 이거다\x64\debug\stage1.obj
c:\users\admin\desktop\지금 해야할거\카타나 이거다\x64\debug\scenemanager.obj
c:\users\admin\desktop\지금 해야할거\카타나 이거다\x64\debug\run.obj
c:\users\admin\desktop\지금 해야할거\카타나 이거다\x64\debug\roll.obj
c:\users\admin\desktop\지금 해야할거\카타나 이거다\x64\debug\progressbar.obj
c:\users\admin\desktop\지금 해야할거\카타나 이거다\x64\debug\playground.obj
c:\users\admin\desktop\지금 해야할거\카타나 이거다\x64\debug\playermanager.obj
c:\users\admin\desktop\지금 해야할거\카타나 이거다\x64\debug\pixelcollision.obj
c:\users\admin\desktop\지금 해야할거\카타나 이거다\x64\debug\objmanager.obj
c:\users\admin\desktop\지금 해야할거\카타나 이거다\x64\debug\keymanager.obj
c:\users\admin\desktop\지금 해야할거\카타나 이거다\x64\debug\j_die.obj
c:\users\admin\desktop\지금 해야할거\카타나 이거다\x64\debug\jump.obj
c:\users\admin\desktop\지금 해야할거\카타나 이거다\x64\debug\imagemanager.obj
c:\users\admin\desktop\지금 해야할거\카타나 이거다\x64\debug\winmain.obj
c:\users\admin\desktop\지금 해야할거\카타나 이거다\x64\debug\utils.obj
c:\users\admin\desktop\지금 해야할거\카타나 이거다\x64\debug\t_re.obj
c:\users\admin\desktop\지금 해야할거\카타나 이거다\x64\debug\t_option.obj
c:\users\admin\desktop\지금 해야할거\카타나 이거다\x64\debug\t_language.obj
c:\users\admin\desktop\지금 해야할거\카타나 이거다\x64\debug\effect_enemy.obj
c:\users\admin\desktop\지금 해야할거\카타나 이거다\x64\debug\windowapi.exe
c:\users\admin\desktop\지금 해야할거\카타나 이거다\x64\debug\windowapi.ilk
c:\users\admin\desktop\지금 해야할거\카타나 이거다\x64\debug\windowapi.pdb
c:\users\admin\desktop\지금 해야할거\카타나 이거다\x64\debug\windowapi.res
c:\users\admin\desktop\지금 해야할거\카타나 이거다\x64\debug\enemystatemanager.obj
c:\users\admin\desktop\지금 해야할거\카타나 이거다\x64\debug\enemy_attack.obj
c:\users\admin\desktop\지금 해야할거\카타나 이거다\x64\debug\enemy_die.obj
c:\users\admin\desktop\지금 해야할거\카타나 이거다\x64\debug\enemy_idle.obj
c:\users\admin\desktop\지금 해야할거\카타나 이거다\x64\debug\enemy_run.obj
c:\users\admin\desktop\지금 해야할거\카타나 이거다\x64\debug\enemy_walk.obj
c:\users\admin\desktop\지금 해야할거\카타나 이거다\x64\debug\stage3.obj
c:\users\admin\desktop\지금 해야할거\카타나 이거다\x64\debug\bullet.obj.enc
c:\users\admin\desktop\지금 해야할거\카타나 이거다\x64\debug\vc141.idb
c:\users\admin\desktop\지금 해야할거\카타나 이거다\x64\debug\vc141.pdb
c:\users\admin\desktop\지금 해야할거\카타나 이거다\x64\debug\windowapi.tlog\cl.command.1.tlog
c:\users\admin\desktop\지금 해야할거\카타나 이거다\x64\debug\windowapi.tlog\cl.read.1.tlog
c:\users\admin\desktop\지금 해야할거\카타나 이거다\x64\debug\windowapi.tlog\cl.write.1.tlog
c:\users\admin\desktop\지금 해야할거\카타나 이거다\x64\debug\windowapi.tlog\link.command.1.tlog
c:\users\admin\desktop\지금 해야할거\카타나 이거다\x64\debug\windowapi.tlog\link.delete.1.tlog
c:\users\admin\desktop\지금 해야할거\카타나 이거다\x64\debug\windowapi.tlog\link.read.1.tlog
c:\users\admin\desktop\지금 해야할거\카타나 이거다\x64\debug\windowapi.tlog\link.write.1.tlog
c:\users\admin\desktop\지금 해야할거\카타나 이거다\x64\debug\windowapi.tlog\rc.command.1.tlog
c:\users\admin\desktop\지금 해야할거\카타나 이거다\x64\debug\windowapi.tlog\rc.read.1.tlog
c:\users\admin\desktop\지금 해야할거\카타나 이거다\x64\debug\windowapi.tlog\rc.write.1.tlog
